{
  "stats": {
    "suites": 1,
    "tests": 1,
    "passes": 0,
    "pending": 0,
    "failures": 1,
    "start": "2023-06-07T19:51:03.281Z",
    "end": "2023-06-07T19:51:11.340Z",
    "duration": 8059,
    "testsRegistered": 1,
    "passPercent": 0,
    "pendingPercent": 0,
    "other": 0,
    "hasOther": false,
    "skipped": 0,
    "hasSkipped": false
  },
  "results": [
    {
      "uuid": "42a411e0-e998-4c9c-ac1b-480bb7c12d29",
      "title": "",
      "fullFile": "cypress/e2e/automation-store/men.js",
      "file": "cypress/e2e/automation-store/men.js",
      "beforeHooks": [],
      "afterHooks": [],
      "tests": [],
      "suites": [
        {
          "uuid": "e5a3f5a4-c7e3-45b8-8611-770b4e1c5699",
          "title": "home page products",
          "fullFile": "",
          "file": "",
          "beforeHooks": [],
          "afterHooks": [],
          "tests": [
            {
              "title": "should verify homepage",
              "fullTitle": "home page products should verify homepage",
              "timedOut": null,
              "duration": 8037,
              "state": "failed",
              "speed": null,
              "pass": false,
              "fail": true,
              "pending": false,
              "context": null,
              "code": "cy.viewport(2930, 3000);\ncy.visit(\"https://automationteststore.com/\");\ncy.xpath(\"(//nav[@class='subnav']/ul/li)[6]\").click();\ncy.get('.thumbnails li').each(function (x) {\n  if (x.text().includes('Skincare')) {\n    cy.wrap(x).click();\n  }\n});\ncy.get('.maintext');\ncy.get('.maintext').then(function (element) {\n  var actual = element.text();\n  cy.log(actual);\n  var expected = 'Skincar1';\n  expect(expected).to.equal(actual);\n});",
              "err": {
                "message": "AssertionError: expected 'Skincar1' to equal 'Skincare'",
                "estack": "AssertionError: expected 'Skincar1' to equal 'Skincare'\n    at Context.eval (cypress/e2e/automation-store/men.js:29:32)",
                "diff": "- 'Skincar1'\n+ 'Skincare'\n"
              },
              "uuid": "baa3fb29-9ce2-4f8e-b2af-119deb0275b5",
              "parentUUID": "e5a3f5a4-c7e3-45b8-8611-770b4e1c5699",
              "isHook": false,
              "skipped": false
            }
          ],
          "suites": [],
          "passes": [],
          "failures": [
            "baa3fb29-9ce2-4f8e-b2af-119deb0275b5"
          ],
          "pending": [],
          "skipped": [],
          "duration": 8037,
          "root": false,
          "rootEmpty": false,
          "_timeout": 2000
        }
      ],
      "passes": [],
      "failures": [],
      "pending": [],
      "skipped": [],
      "duration": 0,
      "root": true,
      "rootEmpty": true,
      "_timeout": 2000
    }
  ],
  "meta": {
    "mocha": {
      "version": "7.0.1"
    },
    "mochawesome": {
      "options": {
        "quiet": false,
        "reportFilename": "mochawesome",
        "saveHtml": true,
        "saveJson": true,
        "consoleReporter": "spec",
        "useInlineDiffs": false,
        "code": true
      },
      "version": "7.1.3"
    },
    "marge": {
      "options": null,
      "version": "6.2.0"
    }
  }
}